{"level":"info","message":"start scheduler service polling every 120000(ms)"}
{"level":"info","message":"scheduler triggered poll"}
{"color":"blue","level":"info","message":"Bridge-ETH ETH 2358 ETHes 2358 Delta: 0"}
{"level":"info","message":"Bridge-BSC ETH 1412 ETHbs 1410 Delta: 2"}
{"level":"info","message":"Bridge-BSC BNB 12434 BNBbs 12381 Delta: 53"}
{"level":"info","message":"Bridge-ETH DAI 629328 DAIes 625708 Delta: 3620"}
{"level":"info","message":"Bridge-ETH USDC 3396153 USDCes 3368340 Delta: 27813"}
{"level":"info","message":"Bridge-ETH USDT 2438771 USDTes 2419571 Delta: 19200"}
{"level":"info","message":"Bridge-BSC DAI 235 DAIbs 15 Delta: 220"}
{"level":"info","message":"Bridge-BSC USDC 4987 USDCbs 3299 Delta: 1688"}
{"level":"info","message":"Bridge-BSC USDT 4733 USDTbs 22 Delta: 4711"}
{"level":"info","message":"Bridge-BSC BUSD 7176 BUSDbs 485 Delta: 6691"}
{"level":"info","message":"scheduler poll run succesful, trigger next poll in "}
{"level":"info","message":"scheduler triggered poll"}
{"color":"blue","level":"info","message":"Bridge-ETH ETH 2358 ETHes 2358 Delta: 0"}
{"level":"info","message":"Bridge-BSC ETH 1412 ETHbs 1410 Delta: 2"}
{"level":"info","message":"Bridge-BSC BNB 12434 BNBbs 12381 Delta: 53"}
{"level":"info","message":"Bridge-ETH DAI 629328 DAIes 625708 Delta: 3620"}
{"level":"info","message":"Bridge-ETH USDC 3396153 USDCes 3368340 Delta: 27813"}
{"level":"info","message":"Bridge-ETH USDT 2438771 USDTes 2419571 Delta: 19200"}
{"level":"info","message":"Bridge-BSC DAI 235 DAIbs 15 Delta: 220"}
{"level":"info","message":"Bridge-BSC USDC 4987 USDCbs 3299 Delta: 1688"}
{"level":"info","message":"Bridge-BSC USDT 4733 USDTbs 22 Delta: 4711"}
{"level":"info","message":"Bridge-BSC BUSD 7176 BUSDbs 485 Delta: 6691"}
{"level":"info","message":"scheduler poll run succesful, trigger next poll in "}
{"level":"info","message":"scheduler triggered poll"}
{"color":"blue","level":"info","message":"Bridge-ETH ETH 2358 ETHes 2358 Delta: 0"}
{"level":"info","message":"Bridge-BSC ETH 1412 ETHbs 1410 Delta: 2"}
{"level":"info","message":"Bridge-BSC BNB 12434 BNBbs 12381 Delta: 53"}
{"level":"info","message":"Bridge-ETH DAI 629328 DAIes 625708 Delta: 3620"}
{"level":"info","message":"Bridge-ETH USDC 3396153 USDCes 3368340 Delta: 27813"}
{"level":"info","message":"Bridge-ETH USDT 2438771 USDTes 2419571 Delta: 19200"}
{"level":"info","message":"Bridge-BSC DAI 235 DAIbs 15 Delta: 220"}
{"level":"info","message":"Bridge-BSC USDC 4987 USDCbs 3299 Delta: 1688"}
{"level":"info","message":"Bridge-BSC USDT 4733 USDTbs 22 Delta: 4711"}
{"level":"info","message":"Bridge-BSC BUSD 7176 BUSDbs 485 Delta: 6691"}
{"level":"info","message":"scheduler poll run succesful, trigger next poll in "}
{"level":"info","message":"start scheduler service polling every 120000(ms)"}
{"level":"info","message":"scheduler triggered poll"}
{"color":"blue","level":"info","message":"Bridge-ETH ETH 2323 ETHes 2323 Delta: 0"}
{"level":"info","message":"Bridge-BSC ETH 1443 ETHbs 1441 Delta: 2"}
{"level":"info","message":"Bridge-BSC BNB 12409 BNBbs 12356 Delta: 53"}
{"level":"info","message":"Bridge-ETH DAI 629328 DAIes 625708 Delta: 3620"}
{"level":"info","message":"Bridge-ETH USDC 3401547 USDCes 3373735 Delta: 27812"}
{"level":"info","message":"Bridge-ETH USDT 2443160 USDTes 2423960 Delta: 19200"}
{"level":"info","message":"Bridge-BSC DAI 235 DAIbs 15 Delta: 220"}
{"level":"info","message":"Bridge-BSC USDC 1760 USDCbs 66 Delta: 1694"}
{"level":"info","message":"Bridge-BSC USDT 4723 USDTbs 0 Delta: 4723"}
{"level":"info","message":"Bridge-BSC BUSD 6701 BUSDbs 1 Delta: 6700"}
{"level":"info","message":"scheduler poll run succesful, trigger next poll in "}
{"level":"info","message":"start scheduler service polling every 120000(ms)"}
{"level":"info","message":"scheduler triggered poll"}
{"color":"blue","level":"info","message":"Bridge-ETH ETH 2323 ETHes 2323 Delta: 0"}
{"level":"info","message":"Bridge-BSC ETH 1443 ETHbs 1441 Delta: 2"}
{"level":"info","message":"Bridge-BSC BNB 12409 BNBbs 12356 Delta: 53"}
{"level":"info","message":"Bridge-ETH DAI 629328 DAIes 625708 Delta: 3620"}
{"level":"info","message":"Bridge-ETH USDC 3401547 USDCes 3373735 Delta: 27812"}
{"level":"info","message":"Bridge-ETH USDT 2443160 USDTes 2423960 Delta: 19200"}
{"level":"info","message":"Bridge-BSC DAI 235 DAIbs 15 Delta: 220"}
{"level":"info","message":"Bridge-BSC USDC 1760 USDCbs 66 Delta: 1694"}
{"level":"info","message":"Bridge-BSC USDT 4723 USDTbs 0 Delta: 4723"}
{"level":"info","message":"Bridge-BSC BUSD 6701 BUSDbs 1 Delta: 6700"}
{"level":"info","message":"scheduler poll run succesful, trigger next poll in "}
{"level":"info","message":"start scheduler service polling every 120000(ms)"}
{"level":"info","message":"scheduler triggered poll"}
{"color":"blue","level":"info","message":"Bridge-ETH ETH 2323 ETHes 2323 Delta: 0"}
{"level":"info","message":"Bridge-BSC ETH 1443 ETHbs 1441 Delta: 2"}
{"level":"info","message":"Bridge-BSC BNB 12409 BNBbs 12356 Delta: 53"}
{"level":"info","message":"Bridge-ETH DAI 629328 DAIes 625708 Delta: 3620"}
{"level":"info","message":"Bridge-ETH USDC 3401547 USDCes 3373735 Delta: 27812"}
{"level":"info","message":"Bridge-ETH USDT 2443160 USDTes 2423960 Delta: 19200"}
{"level":"info","message":"Bridge-BSC DAI 235 DAIbs 15 Delta: 220"}
{"level":"info","message":"Bridge-BSC USDC 1760 USDCbs 66 Delta: 1694"}
{"level":"info","message":"Bridge-BSC USDT 4723 USDTbs 0 Delta: 4723"}
{"level":"info","message":"Bridge-BSC BUSD 6701 BUSDbs 1 Delta: 6700"}
{"level":"info","message":"scheduler poll run succesful, trigger next poll in "}
